d:\univer\2_course\labs\kpo\course-project\spp-2025\spp-2025\debug\vc143.pdb
d:\univer\2_course\labs\kpo\course-project\spp-2025\spp-2025\debug\vc143.idb
d:\univer\2_course\labs\kpo\course-project\spp-2025\spp-2025\debug\semanalysis.obj
d:\univer\2_course\labs\kpo\course-project\spp-2025\spp-2025\debug\polishnotation.obj
d:\univer\2_course\labs\kpo\course-project\spp-2025\spp-2025\debug\parm.obj
d:\univer\2_course\labs\kpo\course-project\spp-2025\spp-2025\debug\mfst.obj
d:\univer\2_course\labs\kpo\course-project\spp-2025\spp-2025\debug\spp-2025.obj
d:\univer\2_course\labs\kpo\course-project\spp-2025\spp-2025\debug\lt.obj
d:\univer\2_course\labs\kpo\course-project\spp-2025\spp-2025\debug\log.obj
d:\univer\2_course\labs\kpo\course-project\spp-2025\spp-2025\debug\lexanalysis.obj
d:\univer\2_course\labs\kpo\course-project\spp-2025\spp-2025\debug\it.obj
d:\univer\2_course\labs\kpo\course-project\spp-2025\spp-2025\debug\in.obj
d:\univer\2_course\labs\kpo\course-project\spp-2025\spp-2025\debug\grb.obj
d:\univer\2_course\labs\kpo\course-project\spp-2025\spp-2025\debug\generator.obj
d:\univer\2_course\labs\kpo\course-project\spp-2025\spp-2025\debug\fst.obj
d:\univer\2_course\labs\kpo\course-project\spp-2025\spp-2025\debug\error.obj
d:\univer\2_course\labs\kpo\course-project\spp-2025\debug\spp-2025.exe
d:\univer\2_course\labs\kpo\course-project\spp-2025\debug\spp-2025.pdb
d:\univer\2_course\labs\kpo\course-project\spp-2025\spp-2025\debug\spp-2025.ilk
d:\univer\2_course\labs\kpo\course-project\spp-2025\spp-2025\debug\spp-2025.tlog\cl.command.1.tlog
d:\univer\2_course\labs\kpo\course-project\spp-2025\spp-2025\debug\spp-2025.tlog\cl.items.tlog
d:\univer\2_course\labs\kpo\course-project\spp-2025\spp-2025\debug\spp-2025.tlog\cl.read.1.tlog
d:\univer\2_course\labs\kpo\course-project\spp-2025\spp-2025\debug\spp-2025.tlog\cl.write.1.tlog
d:\univer\2_course\labs\kpo\course-project\spp-2025\spp-2025\debug\spp-2025.tlog\link.command.1.tlog
d:\univer\2_course\labs\kpo\course-project\spp-2025\spp-2025\debug\spp-2025.tlog\link.read.1.tlog
d:\univer\2_course\labs\kpo\course-project\spp-2025\spp-2025\debug\spp-2025.tlog\link.secondary.1.tlog
d:\univer\2_course\labs\kpo\course-project\spp-2025\spp-2025\debug\spp-2025.tlog\link.write.1.tlog
